0 info it worked if it ends with ok
1 verbose cli [ '/usr/local/Cellar/node/5.1.0/bin/node',
1 verbose cli   '/usr/local/bin/npm',
1 verbose cli   'publish' ]
2 info using npm@3.3.12
3 info using node@v5.1.0
4 verbose publish [ '.' ]
5 silly cache add args [ '.', null ]
6 verbose cache add spec .
7 silly cache add parsed spec Result {
7 silly cache add   raw: '.',
7 silly cache add   scope: null,
7 silly cache add   name: null,
7 silly cache add   rawSpec: '.',
7 silly cache add   spec: '/Users/fortino/Documents/projects/ooyala/nodejs-ooyala-sdk',
7 silly cache add   type: 'directory' }
8 verbose addLocalDirectory /Users/fortino/.npm/ooyala-v2-sdk/0.0.2/package.tgz not in flight; packing
9 info lifecycle ooyala-v2-sdk@0.0.2~prepublish: ooyala-v2-sdk@0.0.2
10 silly lifecycle ooyala-v2-sdk@0.0.2~prepublish: no script for prepublish, continuing
11 verbose tar pack [ '/Users/fortino/.npm/ooyala-v2-sdk/0.0.2/package.tgz',
11 verbose tar pack   '/Users/fortino/Documents/projects/ooyala/nodejs-ooyala-sdk' ]
12 verbose tarball /Users/fortino/.npm/ooyala-v2-sdk/0.0.2/package.tgz
13 verbose folder /Users/fortino/Documents/projects/ooyala/nodejs-ooyala-sdk
14 verbose addLocalTarball adding from inside cache /Users/fortino/.npm/ooyala-v2-sdk/0.0.2/package.tgz
15 silly cache afterAdd ooyala-v2-sdk@0.0.2
16 verbose afterAdd /Users/fortino/.npm/ooyala-v2-sdk/0.0.2/package/package.json not in flight; writing
17 verbose afterAdd /Users/fortino/.npm/ooyala-v2-sdk/0.0.2/package/package.json written
18 silly publish { name: 'ooyala-v2-sdk',
18 silly publish   version: '0.0.2',
18 silly publish   description: 'The NODE JS SDK is a client module for Ooyala V2 API.',
18 silly publish   main: 'index.js',
18 silly publish   scripts: { test: 'echo "Error: no test specified" && exit 1' },
18 silly publish   repository:
18 silly publish    { type: 'git',
18 silly publish      url: 'git@github.services.ooyala.net:fortino/nodejs-ooyala-sdk.git' },
18 silly publish   keywords: [ 'ooyala', 'sdk' ],
18 silly publish   author: { name: 'Fortino Gutierrez' },
18 silly publish   license: 'MIT',
18 silly publish   dependencies: { async: '^1.5.0', crypto: '0.0.3', url: '^0.11.0' },
18 silly publish   readme: '#NODE.JS wrapper for OoyalaAPI client API V2\n\n\n##Usage\nThis sdk can be used with normal callbacks pattern or with a promise pattern.\n\n###Callback pattern:\n\n```\nvar Ooyala = require("nodejs-ooyala-sdk");\n\nvar _api_secret_key = \'foo secret\';\nvar _api_key = \'foo\';\n\nvar ooyala = new Ooyala(_api_key, _api_secret_key);\n\nvar path = "/v2/assets";\nvar params = {"where": "asset_type=\'remote_asset\'", "limit": 500};\nvar body = {};\nvar onSuccess = function(data){console.log(data)};\nvar onError = function(error){console.log(error)};\n\nooyala.get(path, params, body, onSuccess, onError)\n\n```\n\n###Promises pattern\n\n```\nvar Ooyala = require("nodejs-ooyala-sdk");\n\nvar _api_secret_key = \'foo secret\';\nvar _api_key = \'foo\';\n\nvar ooyala = new Ooyala(_api_key, _api_secret_key);\n\nvar path = "/v2/assets";\nvar params = {};\nvar body = {};\n\nvar onSuccess = function(data){console.log(data)};\nvar onError = function(error){console.log(error)};\n\nooyala.get(path, params, body).then(onSuccess, onError);\n```\n',
18 silly publish   readmeFilename: 'README.md',
18 silly publish   gitHead: 'e926c13ce2941920c0f95aa59a574563d83dbbb2',
18 silly publish   _id: 'ooyala-v2-sdk@0.0.2',
18 silly publish   _shasum: 'df00fc7bbb4017aa661bd8d51d1a0e6508f94f94',
18 silly publish   _from: '.' }
19 verbose getPublishConfig undefined
20 silly mapToRegistry name ooyala-v2-sdk
21 silly mapToRegistry using default registry
22 silly mapToRegistry registry https://registry.npmjs.org/
23 silly mapToRegistry uri https://registry.npmjs.org/ooyala-v2-sdk
24 verbose publish registryBase https://registry.npmjs.org/
25 silly publish uploading /Users/fortino/.npm/ooyala-v2-sdk/0.0.2/package.tgz
26 verbose request uri https://registry.npmjs.org/ooyala-v2-sdk
27 verbose request sending authorization for write operation
28 info attempt registry request try #1 at 12:17:03 PM
29 verbose request using bearer token for auth
30 verbose request id a7b7b9c4a06a7e52
31 http request PUT https://registry.npmjs.org/ooyala-v2-sdk
32 http 403 https://registry.npmjs.org/ooyala-v2-sdk
33 verbose headers { 'content-type': 'application/json',
33 verbose headers   'cache-control': 'max-age=300',
33 verbose headers   'content-length': '95',
33 verbose headers   'accept-ranges': 'bytes',
33 verbose headers   date: 'Mon, 09 May 2016 17:17:04 GMT',
33 verbose headers   via: '1.1 varnish',
33 verbose headers   connection: 'keep-alive',
33 verbose headers   'x-served-by': 'cache-ord1743-ORD',
33 verbose headers   'x-cache': 'MISS',
33 verbose headers   'x-cache-hits': '0',
33 verbose headers   'x-timer': 'S1462814223.626932,VS0,VE752',
33 verbose headers   vary: 'Accept-Encoding' }
34 verbose request invalidating /Users/fortino/.npm/registry.npmjs.org/ooyala-v2-sdk on PUT
35 error publish Failed PUT 403
36 verbose stack Error: "You cannot publish over the previously published version 0.0.2." : ooyala-v2-sdk
36 verbose stack     at makeError (/usr/local/lib/node_modules/npm/node_modules/npm-registry-client/lib/request.js:264:12)
36 verbose stack     at CachingRegistryClient.<anonymous> (/usr/local/lib/node_modules/npm/node_modules/npm-registry-client/lib/request.js:252:14)
36 verbose stack     at Request._callback (/usr/local/lib/node_modules/npm/node_modules/npm-registry-client/lib/request.js:172:14)
36 verbose stack     at Request.self.callback (/usr/local/lib/node_modules/npm/node_modules/request/request.js:198:22)
36 verbose stack     at emitTwo (events.js:87:13)
36 verbose stack     at Request.emit (events.js:172:7)
36 verbose stack     at Request.<anonymous> (/usr/local/lib/node_modules/npm/node_modules/request/request.js:1082:10)
36 verbose stack     at emitOne (events.js:82:20)
36 verbose stack     at Request.emit (events.js:169:7)
36 verbose stack     at IncomingMessage.<anonymous> (/usr/local/lib/node_modules/npm/node_modules/request/request.js:1009:12)
37 verbose statusCode 403
38 verbose pkgid ooyala-v2-sdk
39 verbose cwd /Users/fortino/Documents/projects/ooyala/nodejs-ooyala-sdk
40 error Darwin 15.3.0
41 error argv "/usr/local/Cellar/node/5.1.0/bin/node" "/usr/local/bin/npm" "publish"
42 error node v5.1.0
43 error npm  v3.3.12
44 error code E403
45 error "You cannot publish over the previously published version 0.0.2." : ooyala-v2-sdk
46 error If you need help, you may report this error at:
46 error     <https://github.com/npm/npm/issues>
47 verbose exit [ 1, true ]
